Determining if the pthread_create exist failed with the following output:
Change Dir: /home/csmajs/lim001/Lab04/CMakeFiles/CMakeTmp

Run Build Command(s):/opt/rh/devtoolset-6/root/usr/bin/gmake cmTC_01f45/fast 
/opt/rh/devtoolset-6/root/usr/bin/gmake -f CMakeFiles/cmTC_01f45.dir/build.make CMakeFiles/cmTC_01f45.dir/build
gmake[1]: Entering directory '/home/csmajs/lim001/Lab04/CMakeFiles/CMakeTmp'
Building C object CMakeFiles/cmTC_01f45.dir/CheckSymbolExists.c.o
/opt/rh/devtoolset-6/root/usr/bin/cc    -o CMakeFiles/cmTC_01f45.dir/CheckSymbolExists.c.o   -c /home/csmajs/lim001/Lab04/CMakeFiles/CMakeTmp/CheckSymbolExists.c
Linking C executable cmTC_01f45
/usr/bin/cmake3 -E cmake_link_script CMakeFiles/cmTC_01f45.dir/link.txt --verbose=1
/opt/rh/devtoolset-6/root/usr/bin/cc      -rdynamic CMakeFiles/cmTC_01f45.dir/CheckSymbolExists.c.o  -o cmTC_01f45 
CMakeFiles/cmTC_01f45.dir/CheckSymbolExists.c.o: In function `main':
CheckSymbolExists.c:(.text+0x16): undefined reference to `pthread_create'
collect2: error: ld returned 1 exit status
CMakeFiles/cmTC_01f45.dir/build.make:86: recipe for target 'cmTC_01f45' failed
gmake[1]: *** [cmTC_01f45] Error 1
gmake[1]: Leaving directory '/home/csmajs/lim001/Lab04/CMakeFiles/CMakeTmp'
Makefile:121: recipe for target 'cmTC_01f45/fast' failed
gmake: *** [cmTC_01f45/fast] Error 2

File /home/csmajs/lim001/Lab04/CMakeFiles/CMakeTmp/CheckSymbolExists.c:
/* */
#include <pthread.h>

int main(int argc, char** argv)
{
  (void)argv;
#ifndef pthread_create
  return ((int*)(&pthread_create))[argc];
#else
  (void)argc;
  return 0;
#endif
}

Determining if the function pthread_create exists in the pthreads failed with the following output:
Change Dir: /home/csmajs/lim001/Lab04/CMakeFiles/CMakeTmp

Run Build Command(s):/opt/rh/devtoolset-6/root/usr/bin/gmake cmTC_7f8e0/fast 
/opt/rh/devtoolset-6/root/usr/bin/gmake -f CMakeFiles/cmTC_7f8e0.dir/build.make CMakeFiles/cmTC_7f8e0.dir/build
gmake[1]: Entering directory '/home/csmajs/lim001/Lab04/CMakeFiles/CMakeTmp'
Building C object CMakeFiles/cmTC_7f8e0.dir/CheckFunctionExists.c.o
/opt/rh/devtoolset-6/root/usr/bin/cc   -DCHECK_FUNCTION_EXISTS=pthread_create   -o CMakeFiles/cmTC_7f8e0.dir/CheckFunctionExists.c.o   -c /usr/share/cmake3/Modules/CheckFunctionExists.c
Linking C executable cmTC_7f8e0
/usr/bin/cmake3 -E cmake_link_script CMakeFiles/cmTC_7f8e0.dir/link.txt --verbose=1
/opt/rh/devtoolset-6/root/usr/bin/cc  -DCHECK_FUNCTION_EXISTS=pthread_create    -rdynamic CMakeFiles/cmTC_7f8e0.dir/CheckFunctionExists.c.o  -o cmTC_7f8e0 -lpthreads 
/opt/rh/devtoolset-6/root/usr/libexec/gcc/x86_64-redhat-linux/6.3.1/ld: cannot find -lpthreads
collect2: error: ld returned 1 exit status
CMakeFiles/cmTC_7f8e0.dir/build.make:86: recipe for target 'cmTC_7f8e0' failed
gmake[1]: *** [cmTC_7f8e0] Error 1
gmake[1]: Leaving directory '/home/csmajs/lim001/Lab04/CMakeFiles/CMakeTmp'
Makefile:121: recipe for target 'cmTC_7f8e0/fast' failed
gmake: *** [cmTC_7f8e0/fast] Error 2


Determining if the pthread_create exist failed with the following output:
Change Dir: /home/csmajs/lim001/Lab04/CMakeFiles/CMakeTmp

Run Build Command(s):/opt/rh/devtoolset-6/root/usr/bin/gmake cmTC_8a8ae/fast 
/opt/rh/devtoolset-6/root/usr/bin/gmake -f CMakeFiles/cmTC_8a8ae.dir/build.make CMakeFiles/cmTC_8a8ae.dir/build
gmake[1]: Entering directory '/home/csmajs/lim001/Lab04/CMakeFiles/CMakeTmp'
Building C object CMakeFiles/cmTC_8a8ae.dir/CheckSymbolExists.c.o
/opt/rh/devtoolset-6/root/usr/bin/cc    -o CMakeFiles/cmTC_8a8ae.dir/CheckSymbolExists.c.o   -c /home/csmajs/lim001/Lab04/CMakeFiles/CMakeTmp/CheckSymbolExists.c
Linking C executable cmTC_8a8ae
/usr/bin/cmake3 -E cmake_link_script CMakeFiles/cmTC_8a8ae.dir/link.txt --verbose=1
/opt/rh/devtoolset-6/root/usr/bin/cc      -rdynamic CMakeFiles/cmTC_8a8ae.dir/CheckSymbolExists.c.o  -o cmTC_8a8ae 
CMakeFiles/cmTC_8a8ae.dir/CheckSymbolExists.c.o: In function `main':
CheckSymbolExists.c:(.text+0x16): undefined reference to `pthread_create'
collect2: error: ld returned 1 exit status
CMakeFiles/cmTC_8a8ae.dir/build.make:86: recipe for target 'cmTC_8a8ae' failed
gmake[1]: *** [cmTC_8a8ae] Error 1
gmake[1]: Leaving directory '/home/csmajs/lim001/Lab04/CMakeFiles/CMakeTmp'
Makefile:121: recipe for target 'cmTC_8a8ae/fast' failed
gmake: *** [cmTC_8a8ae/fast] Error 2

File /home/csmajs/lim001/Lab04/CMakeFiles/CMakeTmp/CheckSymbolExists.c:
/* */
#include <pthread.h>

int main(int argc, char** argv)
{
  (void)argv;
#ifndef pthread_create
  return ((int*)(&pthread_create))[argc];
#else
  (void)argc;
  return 0;
#endif
}

Determining if the function pthread_create exists in the pthreads failed with the following output:
Change Dir: /home/csmajs/lim001/Lab04/CMakeFiles/CMakeTmp

Run Build Command(s):/opt/rh/devtoolset-6/root/usr/bin/gmake cmTC_43a50/fast 
/opt/rh/devtoolset-6/root/usr/bin/gmake -f CMakeFiles/cmTC_43a50.dir/build.make CMakeFiles/cmTC_43a50.dir/build
gmake[1]: Entering directory '/home/csmajs/lim001/Lab04/CMakeFiles/CMakeTmp'
Building C object CMakeFiles/cmTC_43a50.dir/CheckFunctionExists.c.o
/opt/rh/devtoolset-6/root/usr/bin/cc   -DCHECK_FUNCTION_EXISTS=pthread_create   -o CMakeFiles/cmTC_43a50.dir/CheckFunctionExists.c.o   -c /usr/share/cmake3/Modules/CheckFunctionExists.c
Linking C executable cmTC_43a50
/usr/bin/cmake3 -E cmake_link_script CMakeFiles/cmTC_43a50.dir/link.txt --verbose=1
/opt/rh/devtoolset-6/root/usr/bin/cc  -DCHECK_FUNCTION_EXISTS=pthread_create    -rdynamic CMakeFiles/cmTC_43a50.dir/CheckFunctionExists.c.o  -o cmTC_43a50 -lpthreads 
/opt/rh/devtoolset-6/root/usr/libexec/gcc/x86_64-redhat-linux/6.3.1/ld: cannot find -lpthreads
collect2: error: ld returned 1 exit status
CMakeFiles/cmTC_43a50.dir/build.make:86: recipe for target 'cmTC_43a50' failed
gmake[1]: *** [cmTC_43a50] Error 1
gmake[1]: Leaving directory '/home/csmajs/lim001/Lab04/CMakeFiles/CMakeTmp'
Makefile:121: recipe for target 'cmTC_43a50/fast' failed
gmake: *** [cmTC_43a50/fast] Error 2


